2025-03-21 12:32:34,095 - INFO - [31m[1mWARNING: This is a development server. Do not use it in a production deployment. Use a production WSGI server instead.[0m
 * Running on all addresses (0.0.0.0)
 * Running on http://127.0.0.1:5001
 * Running on http://192.168.137.168:5001
2025-03-21 12:32:34,095 - INFO - [33mPress CTRL+C to quit[0m
2025-03-21 12:32:38,882 - INFO - 127.0.0.1 - - [21/Mar/2025 12:32:38] "[33mGET /?ide_webview_request_time=1742556758876 HTTP/1.1[0m" 404 -
2025-03-21 12:37:00,214 - INFO - ====== WebDriver manager ======
2025-03-21 12:37:02,558 - INFO - Get LATEST chromedriver version for google-chrome
2025-03-21 12:37:02,659 - INFO - Get LATEST chromedriver version for google-chrome
2025-03-21 12:37:02,752 - INFO - Driver [C:\Users\qdlvm\.wdm\drivers\chromedriver\win64\133.0.6943.141\chromedriver-win32/chromedriver.exe] found in cache
2025-03-21 12:37:26,642 - ERROR - \u83b7\u53d6ETF\u4ef7\u683c\u65f6\u53d1\u751f\u9519\u8bef: Message: 
Stacktrace:
	GetHandleVerifier [0x00D80B43+25139]
	(No symbol) [0x00D113F4]
	(No symbol) [0x00BF04E3]
	(No symbol) [0x00C383D7]
	(No symbol) [0x00C3872B]
	(No symbol) [0x00C81002]
	(No symbol) [0x00C5D014]
	(No symbol) [0x00C7E778]
	(No symbol) [0x00C5CDC6]
	(No symbol) [0x00C2BDE9]
	(No symbol) [0x00C2D124]
	GetHandleVerifier [0x01084373+3185251]
	GetHandleVerifier [0x010A291A+3309578]
	GetHandleVerifier [0x0109CF42+3286578]
	GetHandleVerifier [0x00E17AE0+643536]
	(No symbol) [0x00D1A20D]
	(No symbol) [0x00D170B8]
	(No symbol) [0x00D17257]
	(No symbol) [0x00D09E00]
	BaseThreadInitThunk [0x764D7BA9+25]
	RtlInitializeExceptionChain [0x77C0C2EB+107]
	RtlClearBits [0x77C0C26F+191]

Traceback (most recent call last):
  File "c:\Users\qdlvm\Desktop\\u91cf\u5316\u79c1\u52df\\u6570\u636e\u51c6\u5907\etf_monitor.py", line 101, in fetch_etf_price
    WebDriverWait(driver, 15).until(
  File "C:\Users\qdlvm\anaconda3\Lib\site-packages\selenium\webdriver\support\wait.py", line 146, in until
    raise TimeoutException(message, screen, stacktrace)
selenium.common.exceptions.TimeoutException: Message: 
Stacktrace:
	GetHandleVerifier [0x00D80B43+25139]
	(No symbol) [0x00D113F4]
	(No symbol) [0x00BF04E3]
	(No symbol) [0x00C383D7]
	(No symbol) [0x00C3872B]
	(No symbol) [0x00C81002]
	(No symbol) [0x00C5D014]
	(No symbol) [0x00C7E778]
	(No symbol) [0x00C5CDC6]
	(No symbol) [0x00C2BDE9]
	(No symbol) [0x00C2D124]
	GetHandleVerifier [0x01084373+3185251]
	GetHandleVerifier [0x010A291A+3309578]
	GetHandleVerifier [0x0109CF42+3286578]
	GetHandleVerifier [0x00E17AE0+643536]
	(No symbol) [0x00D1A20D]
	(No symbol) [0x00D170B8]
	(No symbol) [0x00D17257]
	(No symbol) [0x00D09E00]
	BaseThreadInitThunk [0x764D7BA9+25]
	RtlInitializeExceptionChain [0x77C0C2EB+107]
	RtlClearBits [0x77C0C26F+191]


2025-03-21 12:37:26,652 - ERROR - \u5f53\u524d\u9875\u9762\u6807\u9898: 30\u5e74\u56fd\u503a:120.556 0.03% +0.039 511090 \u641c\u72d0\u8bc1\u5238
2025-03-21 12:37:26,660 - ERROR - \u5f53\u524d\u9875\u9762URL: https://q.stock.sohu.com/cn/511090/index.shtml
2025-03-21 12:37:28,881 - ERROR - \u7a0b\u5e8f\u542f\u52a8\u5931\u8d25: Message: 
Stacktrace:
	GetHandleVerifier [0x00D80B43+25139]
	(No symbol) [0x00D113F4]
	(No symbol) [0x00BF04E3]
	(No symbol) [0x00C383D7]
	(No symbol) [0x00C3872B]
	(No symbol) [0x00C81002]
	(No symbol) [0x00C5D014]
	(No symbol) [0x00C7E778]
	(No symbol) [0x00C5CDC6]
	(No symbol) [0x00C2BDE9]
	(No symbol) [0x00C2D124]
	GetHandleVerifier [0x01084373+3185251]
	GetHandleVerifier [0x010A291A+3309578]
	GetHandleVerifier [0x0109CF42+3286578]
	GetHandleVerifier [0x00E17AE0+643536]
	(No symbol) [0x00D1A20D]
	(No symbol) [0x00D170B8]
	(No symbol) [0x00D17257]
	(No symbol) [0x00D09E00]
	BaseThreadInitThunk [0x764D7BA9+25]
	RtlInitializeExceptionChain [0x77C0C2EB+107]
	RtlClearBits [0x77C0C26F+191]

2025-03-21 12:39:35,024 - INFO - ====== WebDriver manager ======
2025-03-21 12:39:37,832 - INFO - Get LATEST chromedriver version for google-chrome
2025-03-21 12:39:38,492 - INFO - Get LATEST chromedriver version for google-chrome
2025-03-21 12:39:38,587 - INFO - Driver [C:\Users\qdlvm\.wdm\drivers\chromedriver\win64\133.0.6943.141\chromedriver-win32/chromedriver.exe] found in cache
2025-03-21 12:39:39,977 - INFO - \u8bbf\u95ee\u56fd\u503aETF\u9875\u9762
2025-03-21 12:40:01,658 - ERROR - \u83b7\u53d6ETF\u4ef7\u683c\u65f6\u53d1\u751f\u9519\u8bef: Message: 
Stacktrace:
	GetHandleVerifier [0x00D80B43+25139]
	(No symbol) [0x00D113F4]
	(No symbol) [0x00BF04E3]
	(No symbol) [0x00C383D7]
	(No symbol) [0x00C3872B]
	(No symbol) [0x00C81002]
	(No symbol) [0x00C5D014]
	(No symbol) [0x00C7E778]
	(No symbol) [0x00C5CDC6]
	(No symbol) [0x00C2BDE9]
	(No symbol) [0x00C2D124]
	GetHandleVerifier [0x01084373+3185251]
	GetHandleVerifier [0x010A291A+3309578]
	GetHandleVerifier [0x0109CF42+3286578]
	GetHandleVerifier [0x00E17AE0+643536]
	(No symbol) [0x00D1A20D]
	(No symbol) [0x00D170B8]
	(No symbol) [0x00D17257]
	(No symbol) [0x00D09E00]
	BaseThreadInitThunk [0x764D7BA9+25]
	RtlInitializeExceptionChain [0x77C0C2EB+107]
	RtlClearBits [0x77C0C26F+191]

Traceback (most recent call last):
  File "c:\Users\qdlvm\Desktop\\u91cf\u5316\u79c1\u52df\\u6570\u636e\u51c6\u5907\etf_monitor.py", line 104, in fetch_etf_price
    WebDriverWait(driver, 15).until(
  File "C:\Users\qdlvm\anaconda3\Lib\site-packages\selenium\webdriver\support\wait.py", line 146, in until
    raise TimeoutException(message, screen, stacktrace)
selenium.common.exceptions.TimeoutException: Message: 
Stacktrace:
	GetHandleVerifier [0x00D80B43+25139]
	(No symbol) [0x00D113F4]
	(No symbol) [0x00BF04E3]
	(No symbol) [0x00C383D7]
	(No symbol) [0x00C3872B]
	(No symbol) [0x00C81002]
	(No symbol) [0x00C5D014]
	(No symbol) [0x00C7E778]
	(No symbol) [0x00C5CDC6]
	(No symbol) [0x00C2BDE9]
	(No symbol) [0x00C2D124]
	GetHandleVerifier [0x01084373+3185251]
	GetHandleVerifier [0x010A291A+3309578]
	GetHandleVerifier [0x0109CF42+3286578]
	GetHandleVerifier [0x00E17AE0+643536]
	(No symbol) [0x00D1A20D]
	(No symbol) [0x00D170B8]
	(No symbol) [0x00D17257]
	(No symbol) [0x00D09E00]
	BaseThreadInitThunk [0x764D7BA9+25]
	RtlInitializeExceptionChain [0x77C0C2EB+107]
	RtlClearBits [0x77C0C26F+191]


2025-03-21 12:40:01,662 - ERROR - \u5f53\u524d\u9875\u9762\u6807\u9898: 30\u5e74\u56fd\u503a:120.556 0.03% +0.039 511090 \u641c\u72d0\u8bc1\u5238
2025-03-21 12:40:01,669 - ERROR - \u5f53\u524d\u9875\u9762URL: https://q.stock.sohu.com/cn/511090/index.shtml
2025-03-21 12:40:01,678 - WARNING - \u672a\u627e\u5230\u4ef7\u683c\u5143\u7d20\uff0c\u7b49\u5f85\u9875\u9762\u5b8c\u5168\u52a0\u8f7d
2025-03-21 12:40:01,691 - INFO - \u5df2\u4fdd\u5b58\u9875\u9762\u6e90\u7801\u5230page_source.html
2025-03-21 12:40:03,818 - ERROR - \u7a0b\u5e8f\u542f\u52a8\u5931\u8d25: cannot access local variable 'price' where it is not associated with a value
2025-03-21 12:41:16,987 - INFO - ====== WebDriver manager ======
2025-03-21 12:41:19,465 - INFO - Get LATEST chromedriver version for google-chrome
2025-03-21 12:41:20,127 - INFO - Get LATEST chromedriver version for google-chrome
2025-03-21 12:41:20,220 - INFO - Driver [C:\Users\qdlvm\.wdm\drivers\chromedriver\win64\133.0.6943.141\chromedriver-win32/chromedriver.exe] found in cache
2025-03-21 12:41:21,669 - INFO - \u8bbf\u95ee\u56fd\u503aETF\u9875\u9762
2025-03-21 12:41:35,636 - INFO - \u5f00\u59cb\u8c03\u7528DeepSeek API\u8fdb\u884cETF\u4ef7\u683c\u63d0\u53d6
2025-03-21 12:41:43,825 - INFO - DeepSeek\u8fd4\u56de\u7684ETF\u4ef7\u683c\u6587\u672c: 120.556
2025-03-21 12:41:43,830 - INFO - \u6210\u529f\u66f4\u65b0ETF\u4ef7\u683c: 120.556
2025-03-21 12:41:46,029 - INFO - [31m[1mWARNING: This is a development server. Do not use it in a production deployment. Use a production WSGI server instead.[0m
 * Running on all addresses (0.0.0.0)
 * Running on http://127.0.0.1:5001
 * Running on http://192.168.137.168:5001
2025-03-21 12:41:46,029 - INFO - [33mPress CTRL+C to quit[0m
